<?xml version="1.0" encoding="UTF-8"?>
<!-- Generated by org.testng.reporters.JUnitReportReporter -->
<testsuite hostname="sayandatta-pc" failures="0" tests="1" name="com.example.LoginconsoleTest" time="15.622" errors="0" timestamp="2023-02-16T16:17:33 IST" skipped="0">
  <testcase classname="com.example.LoginconsoleTest" name="test" time="15.622"/>
  <system-out/>
</testsuite> <!-- com.example.LoginconsoleTest -->
