<?xml version="1.0" encoding="UTF-8"?>
<!-- Generated by org.testng.reporters.JUnitReportReporter -->
<testsuite hostname="sayandatta-pc" failures="0" tests="1" name="com.example.ermiuploadTest" time="28.802" errors="0" timestamp="2023-02-16T16:17:33 IST" skipped="0">
  <testcase classname="com.example.ermiuploadTest" name="test" time="28.802"/>
  <system-out/>
</testsuite> <!-- com.example.ermiuploadTest -->
