<?xml version="1.0" encoding="UTF-8"?>
<!-- Generated by org.testng.reporters.JUnitReportReporter -->
<testsuite hostname="sayandatta-pc" failures="0" tests="1" name="com.example.orderTest" time="30.320" errors="0" timestamp="2023-02-16T16:17:33 IST" skipped="0">
  <testcase classname="com.example.orderTest" name="test" time="30.320"/>
  <system-out/>
</testsuite> <!-- com.example.orderTest -->
